<?xml version="1.0" encoding="UTF-8"?>
<!-- Generated by org.testng.reporters.JUnitXMLReporter -->
<testsuite ignored="0" hostname="Tuli" failures="0" tests="3" name="Test1" time="6.226" errors="0" timestamp="2026-04-13T10:18:35 IST">
  <testcase classname="com.guardian.framework.tests.E2ETest" name="dynamicTestFlow" time="5.986"/>
  <testcase classname="com.guardian.framework.tests.E2ETest" name="dynamicTestFlow" time="6.07"/>
  <testcase classname="com.guardian.framework.tests.E2ETest" name="dynamicTestFlow" time="6.163"/>
</testsuite> <!-- Test1 -->
