<?xml version="1.0" encoding="UTF-8"?>
<!-- Generated by org.testng.reporters.JUnitXMLReporter -->
<testsuite ignored="0" hostname="Tuli" failures="1" tests="1" name="Test1(failed)" time="0.427" errors="0" timestamp="2026-04-12T22:01:22 IST">
  <testcase classname="com.guardian.framework.tests.E2ETest" name="testFlow" time="0.361">
    <failure type="com.typesafe.config.ConfigException$Missing" message="application.conf (not found): No configuration setting found for key &amp;apos;dev&amp;apos;">
      <![CDATA[com.typesafe.config.ConfigException$Missing: application.conf (not found): No configuration setting found for key 'dev'
at com.typesafe.config.impl.SimpleConfig.findKeyOrNull(SimpleConfig.java:157)
at com.typesafe.config.impl.SimpleConfig.findOrNull(SimpleConfig.java:175)
at com.typesafe.config.impl.SimpleConfig.find(SimpleConfig.java:189)
at com.typesafe.config.impl.SimpleConfig.find(SimpleConfig.java:194)
at com.typesafe.config.impl.SimpleConfig.getObject(SimpleConfig.java:269)
at com.typesafe.config.impl.SimpleConfig.getConfig(SimpleConfig.java:275)
at com.typesafe.config.impl.SimpleConfig.getConfig(SimpleConfig.java:42)
at com.guardian.framework.config.ConfigLoader.getBaseUrl(ConfigLoader.java:17)
at com.guardian.framework.rails.api.ApiStep.execute(ApiStep.java:19)
at com.guardian.framework.core.Engine.run(Engine.java:11)
at com.guardian.framework.tests.E2ETest.testFlow(E2ETest.java:16)
at java.base/java.util.ArrayList.forEach(ArrayList.java:1596)
at java.base/java.util.concurrent.FutureTask.run(FutureTask.java:317)
at java.base/java.util.concurrent.ThreadPoolExecutor.runWorker(ThreadPoolExecutor.java:1144)
at java.base/java.util.concurrent.ThreadPoolExecutor$Worker.run(ThreadPoolExecutor.java:642)
at java.base/java.lang.Thread.run(Thread.java:1583)
... Removed 15 stack frames]]>
    </failure>
  </testcase> <!-- testFlow -->
</testsuite> <!-- Test1(failed) -->
