<?xml version="1.0" encoding="UTF-8"?>
<testng-results ignored="0" total="3" passed="3" failed="0" skipped="0">
  <reporter-output>
  </reporter-output>
  <suite started-at="2026-04-13T10:18:29 IST" name="Suite" finished-at="2026-04-13T10:18:35 IST" duration-ms="6226">
    <groups>
    </groups>
    <test started-at="2026-04-13T10:18:29 IST" name="Test1" finished-at="2026-04-13T10:18:35 IST" duration-ms="6226">
      <class name="com.guardian.framework.tests.E2ETest">
        <test-method signature="dynamicTestFlow(org.json.JSONObject)[pri:0, instance:com.guardian.framework.tests.E2ETest@2a5c8d3f]" started-at="2026-04-13T10:18:29 IST" name="dynamicTestFlow" data-provider="testData" finished-at="2026-04-13T10:18:35 IST" duration-ms="5986" status="PASS">
          <params>
            <param index="0">
              <value>
                <![CDATA[{"ui":"googleUrl","name":"Smoke Test 3","api":"/users/4","type":"smoke"}]]>
              </value>
            </param>
          </params>
          <reporter-output>
          </reporter-output>
        </test-method> <!-- dynamicTestFlow -->
        <test-method signature="dynamicTestFlow(org.json.JSONObject)[pri:0, instance:com.guardian.framework.tests.E2ETest@2a5c8d3f]" started-at="2026-04-13T10:18:29 IST" name="dynamicTestFlow" data-provider="testData" finished-at="2026-04-13T10:18:35 IST" duration-ms="6070" status="PASS">
          <params>
            <param index="0">
              <value>
                <![CDATA[{"ui":"googleUrl","name":"Smoke Test 1","api":"/users/2","type":"smoke"}]]>
              </value>
            </param>
          </params>
          <reporter-output>
          </reporter-output>
        </test-method> <!-- dynamicTestFlow -->
        <test-method signature="dynamicTestFlow(org.json.JSONObject)[pri:0, instance:com.guardian.framework.tests.E2ETest@2a5c8d3f]" started-at="2026-04-13T10:18:29 IST" name="dynamicTestFlow" data-provider="testData" finished-at="2026-04-13T10:18:35 IST" duration-ms="6163" status="PASS">
          <params>
            <param index="0">
              <value>
                <![CDATA[{"ui":"googleUrl","name":"Smoke Test 2","api":"/users/3","type":"smoke"}]]>
              </value>
            </param>
          </params>
          <reporter-output>
          </reporter-output>
        </test-method> <!-- dynamicTestFlow -->
      </class> <!-- com.guardian.framework.tests.E2ETest -->
    </test> <!-- Test1 -->
  </suite> <!-- Suite -->
</testng-results>
