<?xml version="1.0" encoding="UTF-8"?>
<!-- Generated by org.testng.reporters.JUnitReportReporter -->
<testsuite hostname="Tuli" failures="0" tests="3" name="com.guardian.framework.tests.E2ETest" time="18.219" errors="0" timestamp="2026-04-13T10:18:36 IST" skipped="0">
  <testcase classname="com.guardian.framework.tests.E2ETest" name="dynamicTestFlow" time="5.986"/>
  <testcase classname="com.guardian.framework.tests.E2ETest" name="dynamicTestFlow" time="6.070"/>
  <testcase classname="com.guardian.framework.tests.E2ETest" name="dynamicTestFlow" time="6.163"/>
</testsuite> <!-- com.guardian.framework.tests.E2ETest -->
